Time     | L4 Succ | G4 Succ | L4 Diff | G4 Diff | L4 Pods | G4 Pods
---------------------------------------------------------------------------
12:37:25 |      50 |      52 |       0 |       0 |       1 |       1
12:37:38 |      50 |      52 |       0 |       0 |       1 |       1
12:37:52 |      50 |      52 |       0 |       0 |       1 |       1
12:38:05 |      50 |      52 |       0 |       0 |       1 |       1
12:38:19 |      50 |      52 |       0 |       0 |       1 |       1
12:38:33 |      50 |      52 |       0 |       0 |       1 |       1
12:38:47 |      50 |      52 |       0 |       0 |       1 |       1
12:39:00 |      50 |      52 |       0 |       0 |       1 |       1
12:39:13 |      50 |      52 |       0 |       0 |       1 |       1
12:39:28 |      50 |      52 |       0 |       0 |       1 |       1
12:39:41 |      50 |      52 |       0 |       0 |       1 |       1
12:39:55 |      50 |      52 |       0 |       0 |       1 |       1
12:40:09 |      50 |      52 |       0 |       0 |       1 |       1
12:40:22 |      50 |      52 |       0 |       0 |       1 |       1
12:40:36 |      50 |      52 |       0 |       0 |       1 |       1
12:40:49 |      50 |      52 |       0 |       0 |       1 |       1
12:41:04 |      50 |      52 |       0 |       0 |       1 |       1
12:41:18 |      50 |      52 |       0 |       0 |       1 |       1
12:41:31 |      50 |      52 |       0 |       0 |       1 |       1
12:41:45 |      50 |      52 |       0 |       0 |       1 |       1
12:41:58 |      50 |      52 |       0 |       0 |       1 |       1
12:42:11 |      50 |      52 |       0 |       0 |       1 |       1
